0 info it worked if it ends with ok
1 verbose cli [ '/usr/bin/nodejs', '/usr/bin/npm', 'install', 'node' ]
2 info using npm@3.5.2
3 info using node@v4.2.6
4 silly loadCurrentTree Starting
5 silly install loadCurrentTree
6 silly install readLocalPackageData
7 silly fetchPackageMetaData node
8 silly fetchNamedPackageData node
9 silly mapToRegistry name node
10 silly mapToRegistry using default registry
11 silly mapToRegistry registry https://registry.npmjs.org/
12 silly mapToRegistry uri https://registry.npmjs.org/node
13 verbose request uri https://registry.npmjs.org/node
14 verbose request no auth needed
15 info attempt registry request try #1 at 11:42:59 PM
16 verbose request id c48a0322ae701941
17 http request GET https://registry.npmjs.org/node
18 http 200 https://registry.npmjs.org/node
19 verbose headers { date: 'Fri, 30 Aug 2019 23:42:59 GMT',
19 verbose headers   'content-type': 'application/json',
19 verbose headers   'transfer-encoding': 'chunked',
19 verbose headers   connection: 'keep-alive',
19 verbose headers   'set-cookie': [ '__cfduid=d64df840774320dafd4f2110603369cf41567208579; expires=Sat, 29-Aug-20 23:42:59 GMT; path=/; domain=.npmjs.org; HttpOnly' ],
19 verbose headers   'cf-cache-status': 'HIT',
19 verbose headers   'cache-control': 'max-age=300',
19 verbose headers   'cf-ray': '50ea9fd8ba8de09e-IAD',
19 verbose headers   age: '2552',
19 verbose headers   etag: 'W/"24733de337abff5681dca341a19b0097"',
19 verbose headers   'expect-ct': 'max-age=604800, report-uri="https://report-uri.cloudflare.com/cdn-cgi/beacon/expect-ct"',
19 verbose headers   'last-modified': 'Fri, 30 Aug 2019 00:12:39 GMT',
19 verbose headers   vary: 'accept-encoding, accept',
19 verbose headers   'x-amz-meta-rev': '498-fae73d342d43897ef74e0aee028b25d9',
19 verbose headers   server: 'cloudflare',
19 verbose headers   'content-encoding': 'gzip' }
20 silly get cb [ 200,
20 silly get   { date: 'Fri, 30 Aug 2019 23:42:59 GMT',
20 silly get     'content-type': 'application/json',
20 silly get     'transfer-encoding': 'chunked',
20 silly get     connection: 'keep-alive',
20 silly get     'set-cookie': [ '__cfduid=d64df840774320dafd4f2110603369cf41567208579; expires=Sat, 29-Aug-20 23:42:59 GMT; path=/; domain=.npmjs.org; HttpOnly' ],
20 silly get     'cf-cache-status': 'HIT',
20 silly get     'cache-control': 'max-age=300',
20 silly get     'cf-ray': '50ea9fd8ba8de09e-IAD',
20 silly get     age: '2552',
20 silly get     etag: 'W/"24733de337abff5681dca341a19b0097"',
20 silly get     'expect-ct': 'max-age=604800, report-uri="https://report-uri.cloudflare.com/cdn-cgi/beacon/expect-ct"',
20 silly get     'last-modified': 'Fri, 30 Aug 2019 00:12:39 GMT',
20 silly get     vary: 'accept-encoding, accept',
20 silly get     'x-amz-meta-rev': '498-fae73d342d43897ef74e0aee028b25d9',
20 silly get     server: 'cloudflare',
20 silly get     'content-encoding': 'gzip' } ]
21 verbose get saving node to /root/.npm/registry.npmjs.org/node/.cache.json
22 silly install normalizeTree
23 silly loadCurrentTree Finishing
24 silly loadIdealTree Starting
25 silly install loadIdealTree
26 silly cloneCurrentTree Starting
27 silly install cloneCurrentTreeToIdealTree
28 silly cloneCurrentTree Finishing
29 silly loadShrinkwrap Starting
30 silly install loadShrinkwrap
31 silly loadShrinkwrap Finishing
32 silly loadAllDepsIntoIdealTree Starting
33 silly install loadAllDepsIntoIdealTree
34 silly resolveWithNewModule node@12.9.1 checking installable status
35 silly cache add args [ 'node', null ]
36 verbose cache add spec node
37 silly cache add parsed spec Result {
37 silly cache add   raw: 'node',
37 silly cache add   scope: null,
37 silly cache add   name: 'node',
37 silly cache add   rawSpec: '',
37 silly cache add   spec: 'latest',
37 silly cache add   type: 'tag' }
38 silly addNamed node@latest
39 verbose addNamed "latest" is being treated as a dist-tag for node
40 info addNameTag [ 'node', 'latest' ]
41 silly mapToRegistry name node
42 silly mapToRegistry using default registry
43 silly mapToRegistry registry https://registry.npmjs.org/
44 silly mapToRegistry uri https://registry.npmjs.org/node
45 verbose addNameTag registry:https://registry.npmjs.org/node not in flight; fetching
46 verbose get https://registry.npmjs.org/node not expired, no request
47 silly addNameTag next cb for node with tag latest
48 silly addNamed node@12.9.1
49 verbose addNamed "12.9.1" is a plain semver version for node
50 silly mapToRegistry name node
51 silly mapToRegistry using default registry
52 silly mapToRegistry registry https://registry.npmjs.org/
53 silly mapToRegistry uri https://registry.npmjs.org/node
54 verbose addRemoteTarball https://registry.npmjs.org/node/-/node-12.9.1.tgz not in flight; adding
55 verbose addRemoteTarball [ 'https://registry.npmjs.org/node/-/node-12.9.1.tgz',
55 verbose addRemoteTarball   '759148307d1671d5baabc1f66d3aeb010b7321a6' ]
56 info retry fetch attempt 1 at 11:43:00 PM
57 info attempt registry request try #1 at 11:43:00 PM
58 http fetch GET https://registry.npmjs.org/node/-/node-12.9.1.tgz
59 http fetch 200 https://registry.npmjs.org/node/-/node-12.9.1.tgz
60 silly fetchAndShaCheck shasum 759148307d1671d5baabc1f66d3aeb010b7321a6
61 verbose addTmpTarball /tmp/npm-20850-162fb661/registry.npmjs.org/node/-/node-12.9.1.tgz not in flight; adding
62 verbose addTmpTarball already have metadata; skipping unpack for node@12.9.1
63 silly cache afterAdd node@12.9.1
64 verbose afterAdd /root/.npm/node/12.9.1/package/package.json not in flight; writing
65 verbose afterAdd /root/.npm/node/12.9.1/package/package.json written
66 silly fetchNamedPackageData node-bin-setup
67 silly mapToRegistry name node-bin-setup
68 silly mapToRegistry using default registry
69 silly mapToRegistry registry https://registry.npmjs.org/
70 silly mapToRegistry uri https://registry.npmjs.org/node-bin-setup
71 verbose request uri https://registry.npmjs.org/node-bin-setup
72 verbose request no auth needed
73 info attempt registry request try #1 at 11:43:00 PM
74 http request GET https://registry.npmjs.org/node-bin-setup
75 http 200 https://registry.npmjs.org/node-bin-setup
76 verbose headers { date: 'Fri, 30 Aug 2019 23:43:00 GMT',
76 verbose headers   'content-type': 'application/json; charset=UTF-8',
76 verbose headers   'transfer-encoding': 'chunked',
76 verbose headers   connection: 'keep-alive',
76 verbose headers   'set-cookie': [ '__cfduid=d51850c1a7f1aed53c8a88478c7e8e3831567208580; expires=Sat, 29-Aug-20 23:43:00 GMT; path=/; domain=.npmjs.org; HttpOnly' ],
76 verbose headers   'cf-cache-status': 'HIT',
76 verbose headers   'cache-control': 'max-age=300',
76 verbose headers   'cf-ray': '50ea9fdaaac7e09a-IAD',
76 verbose headers   age: '845',
76 verbose headers   etag: 'W/"696d6ec470fda56a33885508a280edab"',
76 verbose headers   'expect-ct': 'max-age=604800, report-uri="https://report-uri.cloudflare.com/cdn-cgi/beacon/expect-ct"',
76 verbose headers   'last-modified': 'Sun, 27 May 2018 09:55:03 GMT',
76 verbose headers   vary: 'accept-encoding, accept',
76 verbose headers   server: 'cloudflare',
76 verbose headers   'content-encoding': 'gzip' }
77 silly get cb [ 200,
77 silly get   { date: 'Fri, 30 Aug 2019 23:43:00 GMT',
77 silly get     'content-type': 'application/json; charset=UTF-8',
77 silly get     'transfer-encoding': 'chunked',
77 silly get     connection: 'keep-alive',
77 silly get     'set-cookie': [ '__cfduid=d51850c1a7f1aed53c8a88478c7e8e3831567208580; expires=Sat, 29-Aug-20 23:43:00 GMT; path=/; domain=.npmjs.org; HttpOnly' ],
77 silly get     'cf-cache-status': 'HIT',
77 silly get     'cache-control': 'max-age=300',
77 silly get     'cf-ray': '50ea9fdaaac7e09a-IAD',
77 silly get     age: '845',
77 silly get     etag: 'W/"696d6ec470fda56a33885508a280edab"',
77 silly get     'expect-ct': 'max-age=604800, report-uri="https://report-uri.cloudflare.com/cdn-cgi/beacon/expect-ct"',
77 silly get     'last-modified': 'Sun, 27 May 2018 09:55:03 GMT',
77 silly get     vary: 'accept-encoding, accept',
77 silly get     server: 'cloudflare',
77 silly get     'content-encoding': 'gzip' } ]
78 verbose get saving node-bin-setup to /root/.npm/registry.npmjs.org/node-bin-setup/.cache.json
79 silly resolveWithNewModule node-bin-setup@1.0.6 checking installable status
80 silly cache add args [ 'node-bin-setup@^1.0.0', null ]
81 verbose cache add spec node-bin-setup@^1.0.0
82 silly cache add parsed spec Result {
82 silly cache add   raw: 'node-bin-setup@^1.0.0',
82 silly cache add   scope: null,
82 silly cache add   name: 'node-bin-setup',
82 silly cache add   rawSpec: '^1.0.0',
82 silly cache add   spec: '>=1.0.0 <2.0.0',
82 silly cache add   type: 'range' }
83 silly addNamed node-bin-setup@>=1.0.0 <2.0.0
84 verbose addNamed ">=1.0.0 <2.0.0" is a valid semver range for node-bin-setup
85 silly addNameRange { name: 'node-bin-setup',
85 silly addNameRange   range: '>=1.0.0 <2.0.0',
85 silly addNameRange   hasData: false }
86 silly mapToRegistry name node-bin-setup
87 silly mapToRegistry using default registry
88 silly mapToRegistry registry https://registry.npmjs.org/
89 silly mapToRegistry uri https://registry.npmjs.org/node-bin-setup
90 verbose addNameRange registry:https://registry.npmjs.org/node-bin-setup not in flight; fetching
91 verbose get https://registry.npmjs.org/node-bin-setup not expired, no request
92 silly addNameRange number 2 { name: 'node-bin-setup',
92 silly addNameRange   range: '>=1.0.0 <2.0.0',
92 silly addNameRange   hasData: true }
93 silly addNameRange versions [ 'node-bin-setup',
93 silly addNameRange   [ '1.0.0', '1.0.1', '1.0.2', '1.0.3', '1.0.4', '1.0.6' ] ]
94 silly addNamed node-bin-setup@1.0.6
95 verbose addNamed "1.0.6" is a plain semver version for node-bin-setup
96 silly mapToRegistry name node-bin-setup
97 silly mapToRegistry using default registry
98 silly mapToRegistry registry https://registry.npmjs.org/
99 silly mapToRegistry uri https://registry.npmjs.org/node-bin-setup
100 verbose addRemoteTarball https://registry.npmjs.org/node-bin-setup/-/node-bin-setup-1.0.6.tgz not in flight; adding
101 verbose addRemoteTarball [ 'https://registry.npmjs.org/node-bin-setup/-/node-bin-setup-1.0.6.tgz',
101 verbose addRemoteTarball   '4b5c9bb937ece702d7069b36ca78af4684677528' ]
102 info retry fetch attempt 1 at 11:43:00 PM
103 info attempt registry request try #1 at 11:43:00 PM
104 http fetch GET https://registry.npmjs.org/node-bin-setup/-/node-bin-setup-1.0.6.tgz
105 http fetch 200 https://registry.npmjs.org/node-bin-setup/-/node-bin-setup-1.0.6.tgz
106 silly fetchAndShaCheck shasum 4b5c9bb937ece702d7069b36ca78af4684677528
107 verbose addTmpTarball /tmp/npm-20850-162fb661/registry.npmjs.org/node-bin-setup/-/node-bin-setup-1.0.6.tgz not in flight; adding
108 verbose addTmpTarball already have metadata; skipping unpack for node-bin-setup@1.0.6
109 silly cache afterAdd node-bin-setup@1.0.6
110 verbose afterAdd /root/.npm/node-bin-setup/1.0.6/package/package.json not in flight; writing
111 verbose afterAdd /root/.npm/node-bin-setup/1.0.6/package/package.json written
112 silly loadAllDepsIntoIdealTree Finishing
113 silly idealTree:prePrune wsdelay@1.0.0
113 silly idealTree:prePrune ├── accepts@1.3.7
113 silly idealTree:prePrune ├── array-flatten@1.1.1
113 silly idealTree:prePrune ├── axios@0.19.0
113 silly idealTree:prePrune ├── body-parser@1.19.0
113 silly idealTree:prePrune ├── bytes@3.1.0
113 silly idealTree:prePrune ├── content-disposition@0.5.3
113 silly idealTree:prePrune ├── content-type@1.0.4
113 silly idealTree:prePrune ├── cookie-signature@1.0.6
113 silly idealTree:prePrune ├── cookie@0.4.0
113 silly idealTree:prePrune ├── cron@1.7.1
113 silly idealTree:prePrune ├── debug@2.6.9
113 silly idealTree:prePrune ├── depd@1.1.2
113 silly idealTree:prePrune ├── destroy@1.0.4
113 silly idealTree:prePrune ├── ee-first@1.1.1
113 silly idealTree:prePrune ├── encodeurl@1.0.2
113 silly idealTree:prePrune ├── escape-html@1.0.3
113 silly idealTree:prePrune ├── etag@1.8.1
113 silly idealTree:prePrune ├── express@4.17.1
113 silly idealTree:prePrune ├── finalhandler@1.1.2
113 silly idealTree:prePrune ├─┬ follow-redirects@1.5.10
113 silly idealTree:prePrune │ └── debug@3.1.0
113 silly idealTree:prePrune ├── forwarded@0.1.2
113 silly idealTree:prePrune ├── fresh@0.5.2
113 silly idealTree:prePrune ├── http-errors@1.7.2
113 silly idealTree:prePrune ├── iconv-lite@0.4.24
113 silly idealTree:prePrune ├── inherits@2.0.3
113 silly idealTree:prePrune ├── ipaddr.js@1.9.0
113 silly idealTree:prePrune ├── is-buffer@2.0.3
113 silly idealTree:prePrune ├── media-typer@0.3.0
113 silly idealTree:prePrune ├── merge-descriptors@1.0.1
113 silly idealTree:prePrune ├── methods@1.1.2
113 silly idealTree:prePrune ├── mime-db@1.40.0
113 silly idealTree:prePrune ├── mime-types@2.1.24
113 silly idealTree:prePrune ├── mime@1.6.0
113 silly idealTree:prePrune ├── moment-timezone@0.5.26
113 silly idealTree:prePrune ├── moment@2.24.0
113 silly idealTree:prePrune ├── ms@2.0.0
113 silly idealTree:prePrune ├── negotiator@0.6.2
113 silly idealTree:prePrune ├── node-bin-setup@1.0.6
113 silly idealTree:prePrune ├── node-cron@2.0.3
113 silly idealTree:prePrune ├── node@12.9.1
113 silly idealTree:prePrune ├── on-finished@2.3.0
113 silly idealTree:prePrune ├── opencollective-postinstall@2.0.2
113 silly idealTree:prePrune ├── parseurl@1.3.3
113 silly idealTree:prePrune ├── path-to-regexp@0.1.7
113 silly idealTree:prePrune ├── proxy-addr@2.0.5
113 silly idealTree:prePrune ├── qs@6.7.0
113 silly idealTree:prePrune ├── range-parser@1.2.1
113 silly idealTree:prePrune ├── raw-body@2.4.0
113 silly idealTree:prePrune ├── safe-buffer@5.1.2
113 silly idealTree:prePrune ├── safer-buffer@2.1.2
113 silly idealTree:prePrune ├─┬ send@0.17.1
113 silly idealTree:prePrune │ └── ms@2.1.1
113 silly idealTree:prePrune ├── serve-static@1.14.1
113 silly idealTree:prePrune ├── setprototypeof@1.1.1
113 silly idealTree:prePrune ├── statuses@1.5.0
113 silly idealTree:prePrune ├── toidentifier@1.0.0
113 silly idealTree:prePrune ├── type-is@1.6.18
113 silly idealTree:prePrune ├── tz-offset@0.0.1
113 silly idealTree:prePrune ├── unpipe@1.0.0
113 silly idealTree:prePrune ├── utils-merge@1.0.1
113 silly idealTree:prePrune └── vary@1.1.2
114 silly loadIdealTree Finishing
115 silly currentTree wsdelay@1.0.0
115 silly currentTree ├── accepts@1.3.7
115 silly currentTree ├── array-flatten@1.1.1
115 silly currentTree ├── axios@0.19.0
115 silly currentTree ├── body-parser@1.19.0
115 silly currentTree ├── bytes@3.1.0
115 silly currentTree ├── content-disposition@0.5.3
115 silly currentTree ├── content-type@1.0.4
115 silly currentTree ├── cookie-signature@1.0.6
115 silly currentTree ├── cookie@0.4.0
115 silly currentTree ├── cron@1.7.1
115 silly currentTree ├── debug@2.6.9
115 silly currentTree ├── depd@1.1.2
115 silly currentTree ├── destroy@1.0.4
115 silly currentTree ├── ee-first@1.1.1
115 silly currentTree ├── encodeurl@1.0.2
115 silly currentTree ├── escape-html@1.0.3
115 silly currentTree ├── etag@1.8.1
115 silly currentTree ├── express@4.17.1
115 silly currentTree ├── finalhandler@1.1.2
115 silly currentTree ├─┬ follow-redirects@1.5.10
115 silly currentTree │ └── debug@3.1.0
115 silly currentTree ├── forwarded@0.1.2
115 silly currentTree ├── fresh@0.5.2
115 silly currentTree ├── http-errors@1.7.2
115 silly currentTree ├── iconv-lite@0.4.24
115 silly currentTree ├── inherits@2.0.3
115 silly currentTree ├── ipaddr.js@1.9.0
115 silly currentTree ├── is-buffer@2.0.3
115 silly currentTree ├── media-typer@0.3.0
115 silly currentTree ├── merge-descriptors@1.0.1
115 silly currentTree ├── methods@1.1.2
115 silly currentTree ├── mime-db@1.40.0
115 silly currentTree ├── mime-types@2.1.24
115 silly currentTree ├── mime@1.6.0
115 silly currentTree ├── moment-timezone@0.5.26
115 silly currentTree ├── moment@2.24.0
115 silly currentTree ├── ms@2.0.0
115 silly currentTree ├── negotiator@0.6.2
115 silly currentTree ├── node-cron@2.0.3
115 silly currentTree ├── on-finished@2.3.0
115 silly currentTree ├── opencollective-postinstall@2.0.2
115 silly currentTree ├── parseurl@1.3.3
115 silly currentTree ├── path-to-regexp@0.1.7
115 silly currentTree ├── proxy-addr@2.0.5
115 silly currentTree ├── qs@6.7.0
115 silly currentTree ├── range-parser@1.2.1
115 silly currentTree ├── raw-body@2.4.0
115 silly currentTree ├── safe-buffer@5.1.2
115 silly currentTree ├── safer-buffer@2.1.2
115 silly currentTree ├─┬ send@0.17.1
115 silly currentTree │ └── ms@2.1.1
115 silly currentTree ├── serve-static@1.14.1
115 silly currentTree ├── setprototypeof@1.1.1
115 silly currentTree ├── statuses@1.5.0
115 silly currentTree ├── toidentifier@1.0.0
115 silly currentTree ├── type-is@1.6.18
115 silly currentTree ├── tz-offset@0.0.1
115 silly currentTree ├── unpipe@1.0.0
115 silly currentTree ├── utils-merge@1.0.1
115 silly currentTree └── vary@1.1.2
116 silly idealTree wsdelay@1.0.0
116 silly idealTree ├── accepts@1.3.7
116 silly idealTree ├── array-flatten@1.1.1
116 silly idealTree ├── axios@0.19.0
116 silly idealTree ├── body-parser@1.19.0
116 silly idealTree ├── bytes@3.1.0
116 silly idealTree ├── content-disposition@0.5.3
116 silly idealTree ├── content-type@1.0.4
116 silly idealTree ├── cookie-signature@1.0.6
116 silly idealTree ├── cookie@0.4.0
116 silly idealTree ├── cron@1.7.1
116 silly idealTree ├── debug@2.6.9
116 silly idealTree ├── depd@1.1.2
116 silly idealTree ├── destroy@1.0.4
116 silly idealTree ├── ee-first@1.1.1
116 silly idealTree ├── encodeurl@1.0.2
116 silly idealTree ├── escape-html@1.0.3
116 silly idealTree ├── etag@1.8.1
116 silly idealTree ├── express@4.17.1
116 silly idealTree ├── finalhandler@1.1.2
116 silly idealTree ├─┬ follow-redirects@1.5.10
116 silly idealTree │ └── debug@3.1.0
116 silly idealTree ├── forwarded@0.1.2
116 silly idealTree ├── fresh@0.5.2
116 silly idealTree ├── http-errors@1.7.2
116 silly idealTree ├── iconv-lite@0.4.24
116 silly idealTree ├── inherits@2.0.3
116 silly idealTree ├── ipaddr.js@1.9.0
116 silly idealTree ├── is-buffer@2.0.3
116 silly idealTree ├── media-typer@0.3.0
116 silly idealTree ├── merge-descriptors@1.0.1
116 silly idealTree ├── methods@1.1.2
116 silly idealTree ├── mime-db@1.40.0
116 silly idealTree ├── mime-types@2.1.24
116 silly idealTree ├── mime@1.6.0
116 silly idealTree ├── moment-timezone@0.5.26
116 silly idealTree ├── moment@2.24.0
116 silly idealTree ├── ms@2.0.0
116 silly idealTree ├── negotiator@0.6.2
116 silly idealTree ├── node-bin-setup@1.0.6
116 silly idealTree ├── node-cron@2.0.3
116 silly idealTree ├── node@12.9.1
116 silly idealTree ├── on-finished@2.3.0
116 silly idealTree ├── opencollective-postinstall@2.0.2
116 silly idealTree ├── parseurl@1.3.3
116 silly idealTree ├── path-to-regexp@0.1.7
116 silly idealTree ├── proxy-addr@2.0.5
116 silly idealTree ├── qs@6.7.0
116 silly idealTree ├── range-parser@1.2.1
116 silly idealTree ├── raw-body@2.4.0
116 silly idealTree ├── safe-buffer@5.1.2
116 silly idealTree ├── safer-buffer@2.1.2
116 silly idealTree ├─┬ send@0.17.1
116 silly idealTree │ └── ms@2.1.1
116 silly idealTree ├── serve-static@1.14.1
116 silly idealTree ├── setprototypeof@1.1.1
116 silly idealTree ├── statuses@1.5.0
116 silly idealTree ├── toidentifier@1.0.0
116 silly idealTree ├── type-is@1.6.18
116 silly idealTree ├── tz-offset@0.0.1
116 silly idealTree ├── unpipe@1.0.0
116 silly idealTree ├── utils-merge@1.0.1
116 silly idealTree └── vary@1.1.2
117 silly generateActionsToTake Starting
118 silly install generateActionsToTake
119 silly generateActionsToTake Finishing
120 silly diffTrees action count 5
121 silly diffTrees add node-bin-setup@1.0.6
122 silly diffTrees update axios@0.19.0
123 silly diffTrees update cron@1.7.1
124 silly diffTrees add node@12.9.1
125 silly diffTrees update node-cron@2.0.3
126 silly decomposeActions action count 40
127 silly decomposeActions fetch node-bin-setup@1.0.6
128 silly decomposeActions extract node-bin-setup@1.0.6
129 silly decomposeActions test node-bin-setup@1.0.6
130 silly decomposeActions preinstall node-bin-setup@1.0.6
131 silly decomposeActions build node-bin-setup@1.0.6
132 silly decomposeActions install node-bin-setup@1.0.6
133 silly decomposeActions postinstall node-bin-setup@1.0.6
134 silly decomposeActions finalize node-bin-setup@1.0.6
135 silly decomposeActions fetch axios@0.19.0
136 silly decomposeActions extract axios@0.19.0
137 silly decomposeActions test axios@0.19.0
138 silly decomposeActions preinstall axios@0.19.0
139 silly decomposeActions build axios@0.19.0
140 silly decomposeActions install axios@0.19.0
141 silly decomposeActions postinstall axios@0.19.0
142 silly decomposeActions finalize axios@0.19.0
143 silly decomposeActions fetch cron@1.7.1
144 silly decomposeActions extract cron@1.7.1
145 silly decomposeActions test cron@1.7.1
146 silly decomposeActions preinstall cron@1.7.1
147 silly decomposeActions build cron@1.7.1
148 silly decomposeActions install cron@1.7.1
149 silly decomposeActions postinstall cron@1.7.1
150 silly decomposeActions finalize cron@1.7.1
151 silly decomposeActions fetch node@12.9.1
152 silly decomposeActions extract node@12.9.1
153 silly decomposeActions test node@12.9.1
154 silly decomposeActions preinstall node@12.9.1
155 silly decomposeActions build node@12.9.1
156 silly decomposeActions install node@12.9.1
157 silly decomposeActions postinstall node@12.9.1
158 silly decomposeActions finalize node@12.9.1
159 silly decomposeActions fetch node-cron@2.0.3
160 silly decomposeActions extract node-cron@2.0.3
161 silly decomposeActions test node-cron@2.0.3
162 silly decomposeActions preinstall node-cron@2.0.3
163 silly decomposeActions build node-cron@2.0.3
164 silly decomposeActions install node-cron@2.0.3
165 silly decomposeActions postinstall node-cron@2.0.3
166 silly decomposeActions finalize node-cron@2.0.3
167 silly executeActions Starting
168 silly install executeActions
169 silly doSerial global-install 0
170 silly doParallel fetch 5
171 verbose lock using /root/.npm/_locks/staging-928da53f3038c3bc.lock for /opt/bitnami/apps/wsdelay/node_modules/.staging
172 silly doParallel extract 5
173 silly extract node-bin-setup@1.0.6
174 silly extract axios@0.19.0
175 silly extract cron@1.7.1
176 silly extract node@12.9.1
177 silly extract node-cron@2.0.3
178 verbose unbuild node_modules/.staging/node-bin-setup-c66820e7
179 verbose unbuild node_modules/.staging/axios-cec00987
180 verbose unbuild node_modules/.staging/cron-7bf5a7a8
181 verbose unbuild node_modules/.staging/node-cron-126f528a
182 verbose unbuild node_modules/.staging/node-edae39fb
183 silly gentlyRm /opt/bitnami/apps/wsdelay/node_modules/.staging/node-bin-setup-c66820e7 is being purged from base /opt/bitnami/apps/wsdelay
184 verbose gentlyRm don't care about contents; nuking /opt/bitnami/apps/wsdelay/node_modules/.staging/node-bin-setup-c66820e7
185 silly gentlyRm /opt/bitnami/apps/wsdelay/node_modules/.staging/axios-cec00987 is being purged from base /opt/bitnami/apps/wsdelay
186 verbose gentlyRm don't care about contents; nuking /opt/bitnami/apps/wsdelay/node_modules/.staging/axios-cec00987
187 silly gentlyRm /opt/bitnami/apps/wsdelay/node_modules/.staging/cron-7bf5a7a8 is being purged from base /opt/bitnami/apps/wsdelay
188 verbose gentlyRm don't care about contents; nuking /opt/bitnami/apps/wsdelay/node_modules/.staging/cron-7bf5a7a8
189 silly gentlyRm /opt/bitnami/apps/wsdelay/node_modules/.staging/node-cron-126f528a is being purged from base /opt/bitnami/apps/wsdelay
190 verbose gentlyRm don't care about contents; nuking /opt/bitnami/apps/wsdelay/node_modules/.staging/node-cron-126f528a
191 verbose tar unpack /root/.npm/node-bin-setup/1.0.6/package.tgz
192 verbose tar unpacking to /opt/bitnami/apps/wsdelay/node_modules/.staging/node-bin-setup-c66820e7
193 silly gentlyRm /opt/bitnami/apps/wsdelay/node_modules/.staging/node-bin-setup-c66820e7 is being purged
194 verbose gentlyRm don't care about contents; nuking /opt/bitnami/apps/wsdelay/node_modules/.staging/node-bin-setup-c66820e7
195 verbose tar unpack /root/.npm/axios/0.19.0/package.tgz
196 verbose tar unpacking to /opt/bitnami/apps/wsdelay/node_modules/.staging/axios-cec00987
197 silly gentlyRm /opt/bitnami/apps/wsdelay/node_modules/.staging/axios-cec00987 is being purged
198 verbose gentlyRm don't care about contents; nuking /opt/bitnami/apps/wsdelay/node_modules/.staging/axios-cec00987
199 verbose tar unpack /root/.npm/cron/1.7.1/package.tgz
200 verbose tar unpacking to /opt/bitnami/apps/wsdelay/node_modules/.staging/cron-7bf5a7a8
201 silly gentlyRm /opt/bitnami/apps/wsdelay/node_modules/.staging/cron-7bf5a7a8 is being purged
202 verbose gentlyRm don't care about contents; nuking /opt/bitnami/apps/wsdelay/node_modules/.staging/cron-7bf5a7a8
203 silly gentlyRm /opt/bitnami/apps/wsdelay/node_modules/.staging/node-edae39fb is being purged from base /opt/bitnami/apps/wsdelay
204 verbose gentlyRm don't care about contents; nuking /opt/bitnami/apps/wsdelay/node_modules/.staging/node-edae39fb
205 verbose tar unpack /root/.npm/node-cron/2.0.3/package.tgz
206 verbose tar unpacking to /opt/bitnami/apps/wsdelay/node_modules/.staging/node-cron-126f528a
207 silly gentlyRm /opt/bitnami/apps/wsdelay/node_modules/.staging/node-cron-126f528a is being purged
208 verbose gentlyRm don't care about contents; nuking /opt/bitnami/apps/wsdelay/node_modules/.staging/node-cron-126f528a
209 silly gunzTarPerm modes [ '755', '644' ]
210 silly gunzTarPerm modes [ '755', '644' ]
211 silly gunzTarPerm modes [ '755', '644' ]
212 verbose tar unpack /root/.npm/node/12.9.1/package.tgz
213 verbose tar unpacking to /opt/bitnami/apps/wsdelay/node_modules/.staging/node-edae39fb
214 silly gentlyRm /opt/bitnami/apps/wsdelay/node_modules/.staging/node-edae39fb is being purged
215 verbose gentlyRm don't care about contents; nuking /opt/bitnami/apps/wsdelay/node_modules/.staging/node-edae39fb
216 silly gunzTarPerm modes [ '755', '644' ]
217 silly gunzTarPerm modes [ '755', '644' ]
218 silly gunzTarPerm extractEntry package.json
219 silly gunzTarPerm extractEntry package.json
220 silly gunzTarPerm extractEntry package.json
221 silly gunzTarPerm extractEntry package.json
222 silly gunzTarPerm extractEntry installArchSpecificPackage.js
223 silly gunzTarPerm extractEntry index.js
224 silly gunzTarPerm extractEntry CHANGELOG.md
225 silly gunzTarPerm extractEntry index.d.ts
226 silly gunzTarPerm extractEntry .eslintrc
227 silly gunzTarPerm extractEntry .prettierrc
228 silly gunzTarPerm extractEntry .covignore
229 silly gunzTarPerm extractEntry .hound.yml
230 silly gunzTarPerm extractEntry package.json
231 silly gunzTarPerm extractEntry README.md
232 silly gunzTarPerm extractEntry index.js
233 silly gunzTarPerm extractEntry LICENSE
234 silly gunzTarPerm extractEntry README.md
235 silly gunzTarPerm extractEntry .travis.yml
236 silly gunzTarPerm extractEntry bower.json
237 silly gunzTarPerm extractEntry .jshintignore
238 silly gunzTarPerm extractEntry .jshintrc
239 silly gunzTarPerm extractEntry UPGRADE_GUIDE.md
240 silly gunzTarPerm extractEntry .travis.yml
241 silly gunzTarPerm extractEntry LICENSE.md
242 silly gunzTarPerm extractEntry CHANGELOG.md
243 silly gunzTarPerm extractEntry LICENSE
244 silly gunzTarPerm extractEntry dist/axios.js
245 silly gunzTarPerm extractEntry dist/axios.map
246 silly gentlyRm /opt/bitnami/apps/wsdelay/node_modules/.staging/node-bin-setup-c66820e7/node_modules is being purged
247 verbose gentlyRm don't care about contents; nuking /opt/bitnami/apps/wsdelay/node_modules/.staging/node-bin-setup-c66820e7/node_modules
248 silly gunzTarPerm extractEntry README.md
249 silly gunzTarPerm extractEntry .github/stale.yml
250 silly gunzTarPerm extractEntry src/convert-expression/asterisk-to-range-conversion.js
251 silly gunzTarPerm extractEntry src/convert-expression/index.js
252 silly gunzTarPerm extractEntry src/convert-expression/month-names-conversion.js
253 silly gunzTarPerm extractEntry src/convert-expression/range-conversion.js
254 silly gunzTarPerm extractEntry src/convert-expression/step-values-conversion.js
255 silly gunzTarPerm extractEntry src/convert-expression/week-day-names-conversion.js
256 silly gunzTarPerm extractEntry src/node-cron.js
257 silly gunzTarPerm extractEntry src/pattern-validation.js
258 silly gunzTarPerm extractEntry src/scheduled-task.js
259 silly gunzTarPerm extractEntry src/task.js
260 silly gunzTarPerm extractEntry test/convert-expression/asterisk-to-range-conversion-test.js
261 silly gunzTarPerm extractEntry test/convert-expression/convert-expression-test.js
262 silly gunzTarPerm extractEntry test/convert-expression/month-names-conversion-test.js
263 silly gunzTarPerm extractEntry test/convert-expression/range-conversion-test.js
264 silly gunzTarPerm extractEntry test/convert-expression/step-values-conversion-test.js
265 silly gunzTarPerm extractEntry test/convert-expression/week-day-names-conversion-test.js
266 silly gunzTarPerm extractEntry test/defer-start-test.js
267 silly gunzTarPerm extractEntry test/destroy-task-test.js
268 silly gunzTarPerm extractEntry test/multiples-values-test.js
269 silly gunzTarPerm extractEntry test/pattern-validation/validate-day-test.js
270 silly gunzTarPerm extractEntry test/pattern-validation/validate-hours-test.js
271 silly gunzTarPerm extractEntry test/pattern-validation/validate-minute-test.js
272 silly gunzTarPerm extractEntry test/pattern-validation/validate-month-test.js
273 silly gunzTarPerm extractEntry test/pattern-validation/validate-pattern-type.js
274 silly gunzTarPerm extractEntry test/pattern-validation/validate-second-test.js
275 silly gunzTarPerm extractEntry test/pattern-validation/validate-test.js
276 silly gunzTarPerm extractEntry test/pattern-validation/validate-week-day-test.js
277 silly gunzTarPerm extractEntry test/range-values-test.js
278 silly gunzTarPerm extractEntry test/restart-task-test.js
279 silly gunzTarPerm extractEntry test/scheduled-taks-test.js
280 silly gunzTarPerm extractEntry test/scheduling-test.js
281 silly gunzTarPerm extractEntry test/step-value-test.js
282 silly gunzTarPerm extractEntry test/stop-task-test.js
283 silly gunzTarPerm extractEntry test/task/task-day-of-month-test.js
284 silly gunzTarPerm extractEntry test/task/task-fail-test.js
285 silly gunzTarPerm extractEntry test/task/task-hour-test.js
286 silly gunzTarPerm extractEntry test/task/task-minute-test.js
287 silly gunzTarPerm extractEntry test/task/task-month-test.js
288 silly gunzTarPerm extractEntry test/task/task-second-test.js
289 silly gunzTarPerm extractEntry test/task/task-week-day-day-of-month-test.js
290 silly gunzTarPerm extractEntry test/task/task-week-day-test.js
291 silly gunzTarPerm extractEntry test/timezone-test.js
292 silly gunzTarPerm extractEntry test/validate-taks-schaduling-test.js
293 silly gunzTarPerm extractEntry Makefile
294 silly gunzTarPerm extractEntry README.md
295 silly gunzTarPerm extractEntry dist/axios.min.js
296 silly gunzTarPerm extractEntry examples/at_10_minutes.js
297 silly gunzTarPerm extractEntry dist/axios.min.map
298 silly gunzTarPerm extractEntry lib/adapters/http.js
299 silly gunzTarPerm extractEntry lib/adapters/README.md
300 silly gunzTarPerm extractEntry lib/adapters/xhr.js
301 silly gunzTarPerm extractEntry lib/axios.js
302 silly gunzTarPerm extractEntry lib/cancel/Cancel.js
303 silly gunzTarPerm extractEntry lib/cancel/CancelToken.js
304 silly gunzTarPerm extractEntry lib/cancel/isCancel.js
305 silly gunzTarPerm extractEntry lib/core/Axios.js
306 silly gunzTarPerm extractEntry lib/core/createError.js
307 silly gunzTarPerm extractEntry lib/core/dispatchRequest.js
308 silly gunzTarPerm extractEntry lib/core/enhanceError.js
309 silly gunzTarPerm extractEntry lib/core/InterceptorManager.js
310 silly gunzTarPerm extractEntry lib/core/mergeConfig.js
311 silly gunzTarPerm extractEntry lib/core/README.md
312 silly gunzTarPerm extractEntry lib/core/settle.js
313 silly gunzTarPerm extractEntry lib/core/transformData.js
314 silly gunzTarPerm extractEntry lib/defaults.js
315 silly gunzTarPerm extractEntry lib/helpers/bind.js
316 silly gunzTarPerm extractEntry lib/helpers/buildURL.js
317 silly gunzTarPerm extractEntry lib/helpers/combineURLs.js
318 silly gunzTarPerm extractEntry lib/helpers/cookies.js
319 silly gunzTarPerm extractEntry lib/helpers/deprecatedMethod.js
320 silly gunzTarPerm extractEntry lib/helpers/isAbsoluteURL.js
321 silly gunzTarPerm extractEntry lib/helpers/isURLSameOrigin.js
322 silly gunzTarPerm extractEntry lib/helpers/normalizeHeaderName.js
323 silly gunzTarPerm extractEntry lib/helpers/parseHeaders.js
324 silly gunzTarPerm extractEntry lib/helpers/README.md
325 silly gunzTarPerm extractEntry lib/helpers/spread.js
326 silly gunzTarPerm extractEntry lib/utils.js
327 silly gentlyRm /opt/bitnami/apps/wsdelay/node_modules/.staging/node-edae39fb/node_modules is being purged
328 verbose gentlyRm don't care about contents; nuking /opt/bitnami/apps/wsdelay/node_modules/.staging/node-edae39fb/node_modules
329 silly gunzTarPerm extractEntry examples/at_midnight.js
330 silly gunzTarPerm extractEntry examples/basic.js
331 silly gunzTarPerm extractEntry examples/complex_expr.js
332 silly gunzTarPerm extractEntry examples/every_10_minutes.js
333 silly gunzTarPerm extractEntry examples/every_30_minutes_between_9_and_5.js
334 silly gunzTarPerm extractEntry examples/get_next_runs.js
335 silly gunzTarPerm extractEntry examples/in_the_past.js
336 silly gunzTarPerm extractEntry examples/is_crontime_valid.js
337 silly gunzTarPerm extractEntry examples/is_job_running.js
338 silly gunzTarPerm extractEntry examples/long_running_on_tick.js
339 silly gunzTarPerm extractEntry examples/mon_to_fri_at_11_30.js
340 silly gunzTarPerm extractEntry examples/multiple_jobs.js
341 silly gunzTarPerm extractEntry examples/object_param.js
342 silly gunzTarPerm extractEntry examples/run_at_specific_date.js
343 silly gunzTarPerm extractEntry examples/time_dom_syntax_with_tz.js
344 silly gunzTarPerm extractEntry lib/cron.js
345 silly gunzTarPerm extractEntry tests/test-cron.js
346 silly gunzTarPerm extractEntry tests/test-crontime.js
347 silly gentlyRm /opt/bitnami/apps/wsdelay/node_modules/.staging/cron-7bf5a7a8/node_modules is being purged
348 verbose gentlyRm don't care about contents; nuking /opt/bitnami/apps/wsdelay/node_modules/.staging/cron-7bf5a7a8/node_modules
349 silly gentlyRm /opt/bitnami/apps/wsdelay/node_modules/.staging/axios-cec00987/node_modules is being purged
350 verbose gentlyRm don't care about contents; nuking /opt/bitnami/apps/wsdelay/node_modules/.staging/axios-cec00987/node_modules
351 silly gentlyRm /opt/bitnami/apps/wsdelay/node_modules/.staging/node-cron-126f528a/node_modules is being purged
352 verbose gentlyRm don't care about contents; nuking /opt/bitnami/apps/wsdelay/node_modules/.staging/node-cron-126f528a/node_modules
353 silly doParallel preinstall 5
354 silly preinstall node-bin-setup@1.0.6 /opt/bitnami/apps/wsdelay/node_modules/.staging/node-bin-setup-c66820e7
355 info lifecycle node-bin-setup@1.0.6~preinstall: node-bin-setup@1.0.6
356 silly preinstall axios@0.19.0 /opt/bitnami/apps/wsdelay/node_modules/.staging/axios-cec00987
357 info lifecycle axios@0.19.0~preinstall: axios@0.19.0
358 silly preinstall cron@1.7.1 /opt/bitnami/apps/wsdelay/node_modules/.staging/cron-7bf5a7a8
359 info lifecycle cron@1.7.1~preinstall: cron@1.7.1
360 silly preinstall node@12.9.1 /opt/bitnami/apps/wsdelay/node_modules/.staging/node-edae39fb
361 info lifecycle node@12.9.1~preinstall: node@12.9.1
362 silly preinstall node-cron@2.0.3 /opt/bitnami/apps/wsdelay/node_modules/.staging/node-cron-126f528a
363 info lifecycle node-cron@2.0.3~preinstall: node-cron@2.0.3
364 silly lifecycle node-bin-setup@1.0.6~preinstall: no script for preinstall, continuing
365 silly lifecycle axios@0.19.0~preinstall: no script for preinstall, continuing
366 silly lifecycle cron@1.7.1~preinstall: no script for preinstall, continuing
367 warn lifecycle node@12.9.1~preinstall: cannot run in wd %s %s (wd=%s) node@12.9.1 node installArchSpecificPackage /opt/bitnami/apps/wsdelay/node_modules/.staging/node-edae39fb
368 silly lifecycle node-cron@2.0.3~preinstall: no script for preinstall, continuing
369 silly doReverseSerial remove 0
370 silly doSerial move 0
371 silly doSerial finalize 5
372 silly finalize /opt/bitnami/apps/wsdelay/node_modules/node-bin-setup
373 silly finalize /opt/bitnami/apps/wsdelay/node_modules/axios
374 silly finalize /opt/bitnami/apps/wsdelay/node_modules/cron
375 silly finalize /opt/bitnami/apps/wsdelay/node_modules/node
376 silly finalize /opt/bitnami/apps/wsdelay/node_modules/node-cron
377 silly doSerial build 5
378 silly build node-bin-setup@1.0.6
379 info linkStuff node-bin-setup@1.0.6
380 silly linkStuff node-bin-setup@1.0.6 has /opt/bitnami/apps/wsdelay/node_modules as its parent node_modules
381 verbose linkBins node-bin-setup@1.0.6
382 verbose linkMans node-bin-setup@1.0.6
383 silly build axios@0.19.0
384 info linkStuff axios@0.19.0
385 silly linkStuff axios@0.19.0 has /opt/bitnami/apps/wsdelay/node_modules as its parent node_modules
386 verbose linkBins axios@0.19.0
387 verbose linkMans axios@0.19.0
388 silly build cron@1.7.1
389 info linkStuff cron@1.7.1
390 silly linkStuff cron@1.7.1 has /opt/bitnami/apps/wsdelay/node_modules as its parent node_modules
391 verbose linkBins cron@1.7.1
392 verbose linkMans cron@1.7.1
393 silly build node@12.9.1
394 info linkStuff node@12.9.1
395 silly linkStuff node@12.9.1 has /opt/bitnami/apps/wsdelay/node_modules as its parent node_modules
396 verbose linkBins node@12.9.1
397 verbose link bins [ { node: 'bin/node' },
397 verbose link bins   '/opt/bitnami/apps/wsdelay/node_modules/.bin',
397 verbose link bins   false ]
398 verbose linkMans node@12.9.1
399 verbose unlock done using /root/.npm/_locks/staging-928da53f3038c3bc.lock for /opt/bitnami/apps/wsdelay/node_modules/.staging
400 silly rollbackFailedOptional Starting
401 silly rollbackFailedOptional Finishing
402 silly runTopLevelLifecycles Starting
403 silly runTopLevelLifecycles Finishing
404 silly install printInstalled
405 warn wsdelay@1.0.0 No description
406 warn wsdelay@1.0.0 No repository field.
407 verbose stack Error: ENOENT: no such file or directory, chmod '/opt/bitnami/apps/wsdelay/node_modules/node/bin/node'
407 verbose stack     at Error (native)
408 verbose cwd /opt/bitnami/apps/wsdelay
409 error Linux 4.4.0-1090-aws
410 error argv "/usr/bin/nodejs" "/usr/bin/npm" "install" "node"
411 error node v4.2.6
412 error npm  v3.5.2
413 error path /opt/bitnami/apps/wsdelay/node_modules/node/bin/node
414 error code ENOENT
415 error errno -2
416 error syscall chmod
417 error enoent ENOENT: no such file or directory, chmod '/opt/bitnami/apps/wsdelay/node_modules/node/bin/node'
418 error enoent ENOENT: no such file or directory, chmod '/opt/bitnami/apps/wsdelay/node_modules/node/bin/node'
418 error enoent This is most likely not a problem with npm itself
418 error enoent and is related to npm not being able to find a file.
419 verbose exit [ -2, true ]
